{
  "RSpec": {
    "coverage": {
      "/Users/Tiffany_1/cs3300/prog/app/models/author.rb": {
        "lines": [
          1,
          null,
          null,
          1,
          null,
          null,
          1,
          null
        ]
      },
      "/Users/Tiffany_1/cs3300/prog/app/models/application_record.rb": {
        "lines": [
          1,
          1,
          null,
          1,
          0,
          null,
          null,
          null
        ]
      },
      "/Users/Tiffany_1/cs3300/prog/app/helpers/application_helper.rb": {
        "lines": [
          1,
          null
        ]
      },
      "/Users/Tiffany_1/cs3300/prog/app/helpers/projects_helper.rb": {
        "lines": [
          1,
          null
        ]
      },
      "/Users/Tiffany_1/cs3300/prog/app/models/project.rb": {
        "lines": [
          1,
          null,
          1,
          null,
          1,
          1,
          null,
          1,
          null,
          4,
          null,
          1,
          8,
          null,
          null,
          1,
          0,
          null,
          null,
          null,
          null
        ]
      },
      "/Users/Tiffany_1/cs3300/prog/app/controllers/portfolio/projects_controller.rb": {
        "lines": [
          1,
          1,
          null,
          1,
          3,
          null,
          null,
          null,
          1,
          0,
          null,
          null,
          null,
          null,
          null
        ]
      },
      "/Users/Tiffany_1/cs3300/prog/app/controllers/portfolio_controller.rb": {
        "lines": [
          1,
          null
        ]
      },
      "/Users/Tiffany_1/cs3300/prog/app/controllers/application_controller.rb": {
        "lines": [
          1,
          1,
          null,
          1,
          null,
          null
        ]
      },
      "/Users/Tiffany_1/cs3300/prog/app/channels/application_cable/channel.rb": {
        "lines": [
          0,
          0,
          0,
          0
        ],
        "branches": {
        }
      },
      "/Users/Tiffany_1/cs3300/prog/app/channels/application_cable/connection.rb": {
        "lines": [
          0,
          0,
          0,
          0
        ],
        "branches": {
        }
      },
      "/Users/Tiffany_1/cs3300/prog/app/controllers/author_controller.rb": {
        "lines": [
          0,
          0,
          0
        ],
        "branches": {
        }
      },
      "/Users/Tiffany_1/cs3300/prog/app/controllers/authors/projects_controller.rb": {
        "lines": [
          0,
          0,
          0,
          null,
          null,
          null,
          null,
          null,
          0,
          0,
          0,
          null,
          null,
          0,
          0,
          0,
          null,
          null,
          null,
          0,
          0,
          0,
          null,
          null,
          0,
          0,
          null,
          null,
          0,
          0,
          null,
          0,
          0,
          0,
          0,
          0,
          0,
          0,
          0,
          0,
          0,
          null,
          null,
          0,
          0,
          0,
          0,
          0,
          0,
          0,
          0,
          0,
          0,
          0,
          null,
          null,
          0,
          0,
          null,
          0,
          0,
          0,
          0,
          0,
          null,
          0,
          null,
          0,
          0,
          0,
          null,
          null,
          0,
          0,
          0,
          null,
          0,
          0
        ],
        "branches": {
        }
      },
      "/Users/Tiffany_1/cs3300/prog/app/controllers/portfolio/pages_controller.rb": {
        "lines": [
          0,
          0,
          null,
          0,
          0,
          null,
          0,
          0,
          null,
          0,
          0
        ],
        "branches": {
        }
      },
      "/Users/Tiffany_1/cs3300/prog/app/jobs/application_job.rb": {
        "lines": [
          0,
          null,
          null,
          null,
          null,
          null,
          0
        ],
        "branches": {
        }
      },
      "/Users/Tiffany_1/cs3300/prog/app/mailers/application_mailer.rb": {
        "lines": [
          0,
          0,
          0,
          0
        ],
        "branches": {
        }
      }
    },
    "timestamp": 1649897038
  }
}
